e:\mycode\test_git\digitalimageproc\digitalimageproc\digitalimageproc\debug\digitalimageproc.pch
e:\mycode\test_git\digitalimageproc\digitalimageproc\digitalimageproc\debug\vc120.pdb
e:\mycode\test_git\digitalimageproc\digitalimageproc\digitalimageproc\debug\vc120.idb
e:\mycode\test_git\digitalimageproc\digitalimageproc\digitalimageproc\debug\stdafx.obj
e:\mycode\test_git\digitalimageproc\digitalimageproc\digitalimageproc\debug\digitalimageproc.obj
e:\mycode\test_git\digitalimageproc\digitalimageproc\digitalimageproc\debug\digitalimageprocdlg.obj
e:\mycode\gitstorage\digitalimageproc\digitalimageproc\debug\digitalimageproc.pch
e:\mycode\gitstorage\digitalimageproc\digitalimageproc\debug\vc120.pdb
e:\mycode\gitstorage\digitalimageproc\digitalimageproc\debug\vc120.idb
e:\mycode\gitstorage\digitalimageproc\digitalimageproc\debug\stdafx.obj
e:\mycode\gitstorage\digitalimageproc\digitalimageproc\debug\digitalimageproc.obj
e:\mycode\gitstorage\digitalimageproc\digitalimageproc\debug\digitalimageprocdlg.obj
e:\mycode\test_git\digitalimageproc\digitalimageproc\debug\digitalimageproc.ilk
e:\mycode\test_git\digitalimageproc\digitalimageproc\debug\digitalimageproc.exe
e:\mycode\test_git\digitalimageproc\digitalimageproc\debug\digitalimageproc.pdb
e:\mycode\gitstorage\digitalimageproc\debug\digitalimageproc.ilk
e:\mycode\gitstorage\digitalimageproc\debug\digitalimageproc.exe
e:\mycode\gitstorage\digitalimageproc\debug\digitalimageproc.pdb
e:\mycode\test_git\digitalimageproc\digitalimageproc\digitalimageproc\debug\digitalimageproc.res
e:\mycode\gitstorage\digitalimageproc\digitalimageproc\debug\digitalimageproc.res
e:\mycode\gitstorage\digitalimageproc\digitalimageproc\debug\digitalimageproc.tlog\cl.command.1.tlog
e:\mycode\gitstorage\digitalimageproc\digitalimageproc\debug\digitalimageproc.tlog\cl.read.1.tlog
e:\mycode\gitstorage\digitalimageproc\digitalimageproc\debug\digitalimageproc.tlog\cl.write.1.tlog
e:\mycode\gitstorage\digitalimageproc\digitalimageproc\debug\digitalimageproc.tlog\link.command.1.tlog
e:\mycode\gitstorage\digitalimageproc\digitalimageproc\debug\digitalimageproc.tlog\link.read.1.tlog
e:\mycode\gitstorage\digitalimageproc\digitalimageproc\debug\digitalimageproc.tlog\link.write.1.tlog
e:\mycode\gitstorage\digitalimageproc\digitalimageproc\debug\digitalimageproc.tlog\rc.command.1.tlog
e:\mycode\gitstorage\digitalimageproc\digitalimageproc\debug\digitalimageproc.tlog\rc.read.1.tlog
e:\mycode\gitstorage\digitalimageproc\digitalimageproc\debug\digitalimageproc.tlog\rc.write.1.tlog
