生成启动时间为 2016/8/4 10:12:24。
     1>项目“E:\Mycode\GitStorage\DigitalImageProc\DigitalImageProc\DigitalImageProc.vcxproj”在节点 2 上(Build 个目标)。
     1>ClCompile:
         D:\Program Files (x86)\Microsoft Visual Studio 12.0\VC\bin\CL.exe /c /ZI /nologo /W3 /WX- /sdl /Od /Oy- /D WIN32 /D _WINDOWS /D _DEBUG /D _MBCS /D _AFXDLL /Gm /EHsc /RTC1 /MDd /GS /fp:precise /Zc:wchar_t /Zc:forScope /Yu"stdafx.h" /Fp"Debug\DigitalImageProc.pch" /Fo"Debug\\" /Fd"Debug\vc120.pdb" /Gd /TP /analyze- /errorReport:prompt DigitalImageProc.cpp DigitalImageProcDlg.cpp
         DigitalImageProcDlg.cpp
     1>e:\mycode\gitstorage\digitalimageproc\digitalimageproc\digitalimageprocdlg.cpp(388): warning C4244: “=”: 从“double”转换到“int”，可能丢失数据
     1>e:\mycode\gitstorage\digitalimageproc\digitalimageproc\digitalimageprocdlg.cpp(392): warning C4244: “=”: 从“double”转换到“int”，可能丢失数据
     1>e:\mycode\gitstorage\digitalimageproc\digitalimageproc\digitalimageprocdlg.cpp(404): warning C4244: “参数”: 从“double”转换到“int”，可能丢失数据
     1>e:\mycode\gitstorage\digitalimageproc\digitalimageproc\digitalimageprocdlg.cpp(408): warning C4244: “初始化”: 从“double”转换到“int”，可能丢失数据
     1>e:\mycode\gitstorage\digitalimageproc\digitalimageproc\digitalimageprocdlg.cpp(411): warning C4244: “参数”: 从“double”转换到“int”，可能丢失数据
     1>e:\mycode\gitstorage\digitalimageproc\digitalimageproc\digitalimageprocdlg.cpp(438): warning C4244: “=”: 从“double”转换到“int”，可能丢失数据
     1>e:\mycode\gitstorage\digitalimageproc\digitalimageproc\digitalimageprocdlg.cpp(442): warning C4244: “=”: 从“double”转换到“int”，可能丢失数据
     1>e:\mycode\gitstorage\digitalimageproc\digitalimageproc\digitalimageprocdlg.cpp(454): warning C4244: “参数”: 从“double”转换到“int”，可能丢失数据
     1>e:\mycode\gitstorage\digitalimageproc\digitalimageproc\digitalimageprocdlg.cpp(458): warning C4244: “初始化”: 从“double”转换到“int”，可能丢失数据
     1>e:\mycode\gitstorage\digitalimageproc\digitalimageproc\digitalimageprocdlg.cpp(461): warning C4244: “参数”: 从“double”转换到“int”，可能丢失数据
         正在生成代码...
         正在编译...
         DigitalImageProc.cpp
         正在生成代码...
       ResourceCompile:
         C:\Program Files (x86)\Windows Kits\8.1\bin\x86\rc.exe /D _DEBUG /D _AFXDLL /l"0x0804" /IDebug\ /nologo /fo"Debug\DigitalImageProc.res" DigitalImageProc.rc 
       Link:
         D:\Program Files (x86)\Microsoft Visual Studio 12.0\VC\bin\link.exe /ERRORREPORT:PROMPT /OUT:"E:\Mycode\GitStorage\DigitalImageProc\Debug\DigitalImageProc.exe" /INCREMENTAL /NOLOGO opencv_ml249d.lib opencv_calib3d249d.lib opencv_contrib249d.lib opencv_core249d.lib opencv_features2d249d.lib opencv_flann249d.lib opencv_gpu249d.lib opencv_highgui249d.lib opencv_imgproc249d.lib opencv_legacy249d.lib opencv_objdetect249d.lib opencv_ts249d.lib opencv_video249d.lib opencv_nonfree249d.lib opencv_ocl249d.lib opencv_photo249d.lib opencv_stitching249d.lib opencv_superres249d.lib opencv_videostab249d.lib opencv_objdetect249.lib opencv_ts249.lib opencv_video249.lib opencv_nonfree249.lib opencv_ocl249.lib opencv_photo249.lib opencv_stitching249.lib opencv_superres249.lib opencv_videostab249.lib opencv_calib3d249.lib opencv_contrib249.lib opencv_core249.lib opencv_features2d249.lib opencv_flann249.lib opencv_gpu249.lib opencv_highgui249.lib opencv_imgproc249.lib opencv_legacy249.lib opencv_ml249.lib /MANIFEST /MANIFESTUAC:"level='asInvoker' uiAccess='false'" /manifest:embed /manifestinput:"D:\Program Files (x86)\Microsoft Visual Studio 12.0\VC\Include\Manifest\dpiaware.manifest" /DEBUG /PDB:"E:\Mycode\GitStorage\DigitalImageProc\Debug\DigitalImageProc.pdb" /SUBSYSTEM:WINDOWS /TLBID:1 /DYNAMICBASE /NXCOMPAT /IMPLIB:"E:\Mycode\GitStorage\DigitalImageProc\Debug\DigitalImageProc.lib" /MACHINE:X86 Debug\DigitalImageProc.res
         Debug\DigitalImageProc.obj
         Debug\DigitalImageProcDlg.obj
         Debug\stdafx.obj
         DigitalImageProc.vcxproj -> E:\Mycode\GitStorage\DigitalImageProc\Debug\DigitalImageProc.exe
     1>已完成生成项目“E:\Mycode\GitStorage\DigitalImageProc\DigitalImageProc\DigitalImageProc.vcxproj”(Build 个目标)的操作。

生成成功。

已用时间 00:00:03.04
